
******************************************************************************
This program contains Ipopt, a library for large-scale nonlinear optimization.
 Ipopt is released as open source code under the Eclipse Public License (EPL).
         For more information visit https://github.com/coin-or/Ipopt
******************************************************************************

This is Ipopt version 3.14.5, running with linear solver ma27.

Number of nonzeros in equality constraint Jacobian...:       43
Number of nonzeros in inequality constraint Jacobian.:       16
Number of nonzeros in Lagrangian Hessian.............:        0

Total number of variables............................:       20
                     variables with only lower bounds:        0
                variables with lower and upper bounds:        0
                     variables with only upper bounds:        0
Total number of equality constraints.................:        9
Total number of inequality constraints...............:        8
        inequality constraints with only lower bounds:        8
   inequality constraints with lower and upper bounds:        0
        inequality constraints with only upper bounds:        0

iter    objective    inf_pr   inf_du lg(mu)  ||d||  lg(rg) alpha_du alpha_pr  ls
   0  0.0000000e+00 3.42e+01 1.71e+04   0.0 0.00e+00    -  0.00e+00 0.00e+00   0
   1  0.0000000e+00 1.72e+01 7.60e+05  -3.2 1.71e+03    -  1.00e+00 4.95e-01h  1
   2  0.0000000e+00 3.98e+05 3.78e+08   3.1 1.05e+06    -  8.03e-06 5.00e-01f  2
   3  0.0000000e+00 1.68e+05 4.23e+09   3.8 7.82e+05    -  5.84e-01 5.00e-01h  2
   4  0.0000000e+00 1.01e+04 2.81e+20   3.8 5.20e+04    -  1.00e+00 1.00e+00h  1
   5  0.0000000e+00 1.01e+04 1.94e+07   3.8 3.73e-03    -  1.00e+00 1.00e+00s 22
   6r 0.0000000e+00 1.01e+04 9.99e+02   4.0 0.00e+00    -  0.00e+00 0.00e+00R  1
   7r 0.0000000e+00 9.62e+01 2.54e+02  -2.0 1.01e+07    -  9.90e-01 9.90e-04f  1
   8  0.0000000e+00 4.21e+01 1.55e+09   3.8 1.56e+07    -  1.00e+00 2.44e-04h 13
   9  0.0000000e+00 4.37e+01 1.55e+09   3.1 9.01e+06    -  2.27e-01 7.02e-05h 13
iter    objective    inf_pr   inf_du lg(mu)  ||d||  lg(rg) alpha_du alpha_pr  ls
  10r 0.0000000e+00 4.37e+01 9.94e+02   2.4 0.00e+00    -  0.00e+00 2.75e-07R 22
  11r 0.0000000e+00 2.67e+01 1.52e+07  -2.9 1.21e+03    -  9.90e-01 1.67e-02f  1
  12  0.0000000e+00 1.29e+05 1.94e+07   2.4 2.74e+03    -  1.00e+00 3.12e-02h  6
  13r 0.0000000e+00 1.29e+05 9.99e+02   5.1 0.00e+00    -  0.00e+00 4.55e-07R 16
  14r 0.0000000e+00 1.29e+05 9.61e+00  -1.0 1.29e+08    -  9.90e-01 9.90e-04f  1
  15r 0.0000000e+00 2.50e+03 9.56e+00  -0.9 1.30e+03    -  1.00e+00 9.80e-01f  1
  16r 0.0000000e+00 2.50e+03 9.99e+02   3.4 0.00e+00    -  0.00e+00 2.52e-07R 18
  17r 0.0000000e+00 2.49e+01 4.83e+02  -2.7 2.50e+06    -  9.90e-01 9.90e-04f  1
  18  0.0000000e+00 2.04e+01 1.94e+07   2.4 6.75e+07    -  1.67e-02 2.04e-06h 14
  19r 0.0000000e+00 2.04e+01 8.52e+02   3.5 0.00e+00    -  0.00e+00 4.82e-07R 17
iter    objective    inf_pr   inf_du lg(mu)  ||d||  lg(rg) alpha_du alpha_pr  ls
  20r 0.0000000e+00 3.29e+03 2.47e+01  -2.6 1.50e+02    -  9.90e-01 1.46e-01f  1
  21r 0.0000000e+00 6.52e+01 2.28e+01   1.3 5.50e+00    -  1.00e+00 9.80e-01f  1
  22r 0.0000000e+00 1.74e-01 4.94e+00   1.2 1.76e+00    -  1.00e+00 9.97e-01f  1
  23r 0.0000000e+00 1.74e-01 1.47e+01   3.8 0.00e+00    -  0.00e+00 4.77e-07R 22
  24r 0.0000000e+00 1.66e-01 3.16e-01  -2.3 6.10e+00    -  9.90e-01 9.75e-01f  1
  25r 0.0000000e+00 9.56e-02 4.48e+01   1.2 2.09e-01    -  1.00e+00 8.61e-01f  1
  26  0.0000000e+00 9.56e-02 2.50e+09   2.8 8.33e+04    -  1.00e+00 3.81e-06h 19
  27  0.0000000e+00 1.79e+03 2.11e+09   0.1 2.18e-01    -  1.00e+00 1.00e+00h  1
  28  0.0000000e+00 2.81e+04 3.33e+05   0.0 2.11e+02    -  1.00e+00 1.00e+00H  1
  29r 0.0000000e+00 2.81e+04 9.99e+02   4.4 0.00e+00    -  0.00e+00 1.14e-13R 44
iter    objective    inf_pr   inf_du lg(mu)  ||d||  lg(rg) alpha_du alpha_pr  ls
  30r 0.0000000e+00 2.67e+02 9.84e+02  -1.6 2.81e+07    -  2.65e-01 9.91e-04f  1
  31  0.0000000e+00 2.73e+02 1.94e+07   0.0 3.28e+05    -  1.00e+00 2.44e-04h 13
  32r 0.0000000e+00 2.73e+02 9.99e+02   2.4 0.00e+00    -  0.00e+00 4.77e-07R 22
  33r 0.0000000e+00 1.22e+01 3.37e+02  -3.7 2.74e+05    -  9.90e-01 9.89e-04f  1
  34r 0.0000000e+00 1.22e+01 9.99e+02   1.1 0.00e+00    -  0.00e+00 4.77e-07R 22
  35r 0.0000000e+00 7.30e+00 9.86e+02  -5.0 1.06e+03    -  9.90e-01 4.65e-03f  1
  36r 0.0000000e+00 7.30e+00 9.99e+02   0.9 0.00e+00    -  0.00e+00 4.77e-07R 22
  37r 0.0000000e+00 2.31e+00 9.91e+02  -5.2 9.24e+02    -  9.90e-01 5.39e-03f  1
  38r 0.0000000e+00 2.31e+00 9.99e+02   0.4 0.00e+00    -  0.00e+00 4.77e-07R 22
  39r 0.0000000e+00 6.06e+01 9.98e+02  -5.7 2.32e+03    -  9.90e-01 9.90e-04f  1
iter    objective    inf_pr   inf_du lg(mu)  ||d||  lg(rg) alpha_du alpha_pr  ls
  40r 0.0000000e+00 6.04e+02 3.95e+01  -0.9 4.20e-01    -  1.00e+00 9.60e-01f  1
  41r 0.0000000e+00 1.44e+01 1.19e-02  -1.0 3.04e-02    -  1.00e+00 1.00e+00h  1
  42r 0.0000000e+00 2.31e+00 5.55e-02  -2.9 7.76e-02    -  1.00e+00 1.00e+00h  1
  43r 0.0000000e+00 1.41e+04 4.33e-03  -4.8 2.41e+03    -  1.00e+00 1.00e+00f  1
  44r 0.0000000e+00 3.78e+03 1.60e-02  -6.7 9.50e+02    -  1.00e+00 1.00e+00h  1
  45r 0.0000000e+00 1.86e+03 2.68e-02  -8.6 9.23e+02    -  1.00e+00 1.00e+00h  1
  46r 0.0000000e+00 1.70e+03 6.63e-02  -6.5 9.05e+04    -  1.00e+00 8.57e-01f  1
  47r 0.0000000e+00 4.06e+03 6.72e-02  -4.6 1.41e+06    -  1.00e+00 5.52e-04f  1
  48r 0.0000000e+00 4.06e+03 5.65e+02  -5.4 1.30e+05    -  1.00e+00 6.06e-05h  1
  49r 0.0000000e+00 5.93e+03 8.18e+02  -7.1 6.97e+04    -  1.00e+00 1.95e-03h 10
iter    objective    inf_pr   inf_du lg(mu)  ||d||  lg(rg) alpha_du alpha_pr  ls
  50r 0.0000000e+00 5.95e+03 8.64e+02  -8.1 5.51e+03    -  1.00e+00 1.25e-01h  4
  51r 0.0000000e+00 3.16e+03 1.19e-04  -8.5 5.16e+02    -  1.00e+00 1.00e+00h  1
  52r 0.0000000e+00 1.74e+03 6.06e-05  -9.0 3.06e+02    -  1.00e+00 1.00e+00H  1
  53r 0.0000000e+00 1.03e+03 2.84e-05  -9.0 5.54e+01    -  1.00e+00 1.00e+00h  1
  54r 0.0000000e+00 1.01e+03 1.90e-05  -9.0 8.53e+00    -  1.00e+00 1.00e+00h  1
  55r 0.0000000e+00 1.13e+03 3.21e-05  -9.0 4.22e+01    -  1.00e+00 1.00e+00h  1
  56r 0.0000000e+00 1.11e+03 1.55e-05  -9.0 8.24e+00    -  1.00e+00 1.00e+00h  1
  57r 0.0000000e+00 1.12e+03 1.59e-05  -9.0 5.76e+00    -  1.00e+00 1.00e+00h  1
  58r 0.0000000e+00 8.44e+02 1.77e-05  -9.0 1.37e+02    -  1.00e+00 1.00e+00h  1
  59r 0.0000000e+00 8.76e+02 1.16e-05  -9.0 1.33e+01    -  1.00e+00 1.00e+00h  1
iter    objective    inf_pr   inf_du lg(mu)  ||d||  lg(rg) alpha_du alpha_pr  ls
  60r 0.0000000e+00 8.55e+02 1.19e-05  -9.0 1.07e+01    -  1.00e+00 1.00e+00h  1
  61r 0.0000000e+00 8.75e+02 1.43e-05  -9.0 1.82e+01    -  1.00e+00 1.00e+00h  1
  62r 0.0000000e+00 8.34e+02 9.25e-06  -9.0 1.16e+01    -  1.00e+00 1.00e+00h  1
  63r 0.0000000e+00 8.35e+02 8.51e-06  -9.0 7.96e+00    -  1.00e+00 1.00e+00h  1
  64r 0.0000000e+00 8.07e+02 7.38e-06  -9.0 1.36e+01    -  1.00e+00 1.00e+00h  1
  65r 0.0000000e+00 8.32e+02 5.36e-06  -9.0 1.11e+01    -  1.00e+00 1.00e+00h  1
  66r 0.0000000e+00 8.24e+02 6.02e-06  -9.0 5.05e+00    -  1.00e+00 1.00e+00h  1
  67r 0.0000000e+00 8.25e+02 5.52e-06  -9.0 8.55e+00    -  1.00e+00 1.00e+00h  1
  68r 0.0000000e+00 7.93e+02 4.86e-06  -9.0 9.84e+00    -  1.00e+00 1.00e+00h  1
  69r 0.0000000e+00 7.91e+02 4.16e-06  -9.0 6.76e+00    -  1.00e+00 1.00e+00h  1
iter    objective    inf_pr   inf_du lg(mu)  ||d||  lg(rg) alpha_du alpha_pr  ls
  70r 0.0000000e+00 7.73e+02 3.45e-06  -9.0 7.39e+00    -  1.00e+00 1.00e+00h  1
  71r 0.0000000e+00 7.86e+02 3.24e-06  -9.0 6.02e+00    -  1.00e+00 1.00e+00h  1
  72r 0.0000000e+00 7.80e+02 2.70e-06  -9.0 3.17e+00    -  1.00e+00 1.00e+00h  1
  73r 0.0000000e+00 7.75e+02 2.55e-06  -9.0 5.23e+00    -  1.00e+00 1.00e+00h  1
  74r 0.0000000e+00 8.51e+02 8.37e-06  -9.0 1.00e+01    -  1.00e+00 1.00e+00h  1
  75r 0.0000000e+00 7.37e+02 4.32e-06  -9.0 6.52e+00    -  1.00e+00 1.00e+00h  1
  76r 0.0000000e+00 7.18e+02 2.14e-06  -9.0 6.00e+00    -  1.00e+00 1.00e+00h  1
  77r 0.0000000e+00 1.96e+03 2.72e-06  -9.0 2.96e+00    -  1.00e+00 1.00e+00h  1
  78r 0.0000000e+00 7.13e+02 3.25e-06  -9.0 3.53e+00    -  1.00e+00 1.00e+00h  1
  79r 0.0000000e+00 7.04e+02 2.27e-06  -9.0 3.68e+00    -  1.00e+00 1.00e+00h  1
iter    objective    inf_pr   inf_du lg(mu)  ||d||  lg(rg) alpha_du alpha_pr  ls
  80r 0.0000000e+00 1.39e+03 2.40e-06  -9.0 1.34e+01    -  1.00e+00 1.00e+00h  1
  81r 0.0000000e+00 1.11e+03 1.71e-06  -9.0 6.85e+00    -  1.00e+00 1.00e+00h  1
  82r 0.0000000e+00 6.31e+02 2.04e-06  -9.0 7.21e+00    -  1.00e+00 1.00e+00h  1
  83r 0.0000000e+00 8.11e+02 1.82e-06  -9.0 4.15e+00    -  1.00e+00 1.00e+00h  1
  84r 0.0000000e+00 6.27e+02 2.07e-06  -9.0 3.26e+00    -  1.00e+00 1.00e+00h  1
  85r 0.0000000e+00 6.16e+02 1.26e-06  -9.0 2.84e+00    -  1.00e+00 1.00e+00h  1
  86r 0.0000000e+00 6.11e+02 1.53e-06  -9.0 1.70e+00    -  1.00e+00 1.00e+00h  1
  87r 0.0000000e+00 5.99e+02 2.55e-06  -9.0 4.96e+00    -  1.00e+00 1.00e+00h  1
  88r 0.0000000e+00 5.79e+02 1.25e-06  -9.0 5.65e+00    -  1.00e+00 1.00e+00h  1
  89r 0.0000000e+00 5.74e+02 5.70e-06  -9.0 8.63e+00    -  1.00e+00 1.00e+00H  1
iter    objective    inf_pr   inf_du lg(mu)  ||d||  lg(rg) alpha_du alpha_pr  ls
  90r 0.0000000e+00 7.55e+02 2.73e-06  -9.0 7.26e+00    -  1.00e+00 1.00e+00h  1
  91r 0.0000000e+00 5.95e+02 7.30e-06  -9.0 8.73e+00    -  1.00e+00 1.00e+00h  1
  92r 0.0000000e+00 9.51e+02 2.45e-06  -9.0 1.52e+01    -  1.00e+00 1.00e+00h  1
  93r 0.0000000e+00 4.62e+02 2.49e-06  -9.0 5.80e+00    -  1.00e+00 1.00e+00h  1
  94r 0.0000000e+00 7.71e+02 1.61e-06  -9.0 5.98e+00    -  1.00e+00 1.00e+00h  1
  95r 0.0000000e+00 5.22e+02 1.43e-06  -9.0 4.49e+00    -  1.00e+00 1.00e+00h  1
  96r 0.0000000e+00 4.16e+02 1.27e-06  -9.0 4.69e+00    -  1.00e+00 1.00e+00H  1
  97r 0.0000000e+00 4.00e+02 1.51e-06  -9.0 3.40e+00    -  1.00e+00 1.00e+00h  1
  98r 0.0000000e+00 3.82e+02 3.15e-06  -9.0 7.45e+00    -  1.00e+00 1.00e+00H  1
  99r 0.0000000e+00 3.68e+02 7.98e-07  -9.0 3.86e+00    -  1.00e+00 1.00e+00h  1
iter    objective    inf_pr   inf_du lg(mu)  ||d||  lg(rg) alpha_du alpha_pr  ls
 100r 0.0000000e+00 3.56e+02 1.04e-06  -9.0 3.52e+00    -  1.00e+00 1.00e+00H  1
 101r 0.0000000e+00 3.50e+02 7.34e-07  -9.0 3.38e+00    -  1.00e+00 1.00e+00H  1
 102r 0.0000000e+00 1.19e+03 1.19e-06  -9.0 5.61e+00    -  1.00e+00 1.00e+00h  1
 103r 0.0000000e+00 3.70e+02 5.48e-07  -9.0 2.36e+00    -  1.00e+00 1.00e+00h  1
 104r 0.0000000e+00 3.67e+02 5.67e-07  -9.0 2.51e+00    -  1.00e+00 1.00e+00h  1
 105r 0.0000000e+00 3.00e+02 4.53e-07  -9.0 2.99e+00    -  1.00e+00 1.00e+00H  1
 106r 0.0000000e+00 2.90e+02 4.39e-07  -9.0 4.12e+00    -  1.00e+00 1.00e+00H  1
 107r 0.0000000e+00 2.85e+02 4.24e-07  -9.0 3.30e+00    -  1.00e+00 1.00e+00H  1
 108r 0.0000000e+00 1.35e+03 8.90e-07  -9.0 5.01e+00    -  1.00e+00 1.00e+00h  1
 109r 0.0000000e+00 2.93e+02 3.96e-07  -9.0 2.25e+00    -  1.00e+00 1.00e+00h  1
iter    objective    inf_pr   inf_du lg(mu)  ||d||  lg(rg) alpha_du alpha_pr  ls
 110r 0.0000000e+00 2.55e+02 1.31e-06  -9.0 3.55e+00    -  1.00e+00 1.00e+00H  1
 111r 0.0000000e+00 2.41e+02 3.73e-07  -9.0 4.00e+00    -  1.00e+00 1.00e+00H  1
 112r 0.0000000e+00 2.31e+02 3.71e-07  -9.0 5.20e+00    -  1.00e+00 1.00e+00H  1
 113r 0.0000000e+00 2.27e+02 4.20e-07  -9.0 3.87e+00    -  1.00e+00 1.00e+00H  1
 114r 0.0000000e+00 2.15e+02 6.45e-07  -9.0 3.91e+00    -  1.00e+00 1.00e+00H  1
 115r 0.0000000e+00 2.06e+02 4.55e-07  -9.0 4.66e+00    -  1.00e+00 1.00e+00H  1
 116r 0.0000000e+00 1.32e+03 6.57e-07  -9.0 5.65e+00    -  1.00e+00 1.00e+00h  1
 117r 0.0000000e+00 2.90e+02 3.36e-07  -9.0 3.55e+00    -  1.00e+00 1.00e+00h  1
 118r 0.0000000e+00 1.80e+02 4.07e-07  -9.0 7.29e+00    -  1.00e+00 1.00e+00H  1
 119r 0.0000000e+00 3.22e+02 3.66e-07  -9.0 5.37e+00    -  1.00e+00 1.00e+00h  1
iter    objective    inf_pr   inf_du lg(mu)  ||d||  lg(rg) alpha_du alpha_pr  ls
 120r 0.0000000e+00 3.17e+02 3.18e-07  -9.0 1.93e+00    -  1.00e+00 1.00e+00h  1
 121r 0.0000000e+00 1.64e+02 3.63e-07  -9.0 6.65e+00    -  1.00e+00 1.00e+00H  1
 122r 0.0000000e+00 1.56e+02 6.64e-07  -9.0 7.17e+00    -  1.00e+00 1.00e+00H  1
 123r 0.0000000e+00 1.52e+02 2.95e-07  -9.0 2.56e+00    -  1.00e+00 1.00e+00H  1
 124r 0.0000000e+00 1.48e+02 3.62e-07  -9.0 5.53e+00    -  1.00e+00 1.00e+00H  1
 125r 0.0000000e+00 3.27e+02 3.18e-07  -9.0 7.01e+00    -  1.00e+00 1.00e+00h  1
 126r 0.0000000e+00 1.36e+02 2.96e-07  -9.0 4.63e+00    -  1.00e+00 1.00e+00H  1
 127r 0.0000000e+00 1.32e+02 3.11e-07  -9.0 5.29e+00    -  1.00e+00 1.00e+00H  1
 128r 0.0000000e+00 1.25e+02 1.03e-06  -9.0 7.93e+00    -  1.00e+00 1.00e+00H  1
 129r 0.0000000e+00 7.72e+02 1.18e-06  -9.0 8.82e+00    -  1.00e+00 1.00e+00h  1
iter    objective    inf_pr   inf_du lg(mu)  ||d||  lg(rg) alpha_du alpha_pr  ls
 130r 0.0000000e+00 4.91e+02 3.83e-07  -9.0 4.81e+00    -  1.00e+00 1.00e+00h  1
 131r 0.0000000e+00 2.93e+02 3.32e-07  -9.0 5.84e+00    -  1.00e+00 1.00e+00h  1
 132r 0.0000000e+00 9.90e+01 5.14e-07  -9.0 6.59e+00    -  1.00e+00 1.00e+00H  1
 133r 0.0000000e+00 9.73e+01 4.23e-07  -9.0 2.96e+00    -  1.00e+00 1.00e+00H  1
 134r 0.0000000e+00 9.25e+01 1.52e-06  -9.0 5.88e+00    -  1.00e+00 1.00e+00H  1
 135r 0.0000000e+00 9.01e+02 2.17e-06  -9.0 8.49e+00    -  1.00e+00 1.00e+00h  1
 136r 0.0000000e+00 2.05e+02 3.16e-07  -9.0 2.47e+00    -  1.00e+00 1.00e+00h  1
 137r 0.0000000e+00 1.60e+02 2.70e-07  -9.0 2.15e+00    -  1.00e+00 1.00e+00h  1
 138r 0.0000000e+00 7.35e+01 1.10e-06  -9.0 4.76e+00    -  1.00e+00 1.00e+00H  1
 139r 0.0000000e+00 7.30e+01 4.89e-07  -9.0 1.17e+00    -  1.00e+00 1.00e+00H  1
iter    objective    inf_pr   inf_du lg(mu)  ||d||  lg(rg) alpha_du alpha_pr  ls
 140r 0.0000000e+00 7.30e+01 1.99e+05  -9.0 8.77e+00    -  0.00e+00 4.77e-07R 22
 141r 0.0000000e+00 6.41e+01 1.01e+12   3.3 7.11e+01    -  5.18e-01 1.25e-01f  4
 142r 0.0000000e+00 6.41e+01 1.37e+06   3.3 6.22e+01    -  1.09e-01 1.00e+00f  1
 143r 0.0000000e+00 6.41e+01 1.24e+06   2.6 1.51e+00    -  9.15e-01 1.00e+00f  1
 144r 0.0000000e+00 6.40e+01 6.25e+04   2.6 7.78e-02    -  6.44e-01 1.00e+00f  1
 145r 0.0000000e+00 6.41e+01 1.10e+03   2.6 8.55e-01    -  8.01e-01 1.00e+00f  1
 146r 0.0000000e+00 5.65e+02 1.09e+02   1.9 2.05e+00    -  1.00e+00 9.23e-01f  1
 147r 0.0000000e+00 6.36e+01 1.01e+00   1.2 1.41e-01    -  1.00e+00 1.00e+00f  1
 148r 0.0000000e+00 2.31e+02 4.72e-01   0.5 8.36e-01    -  1.00e+00 1.00e+00f  1
 149r 0.0000000e+00 6.34e+01 1.41e-02   0.5 3.76e-01    -  1.00e+00 1.00e+00h  1
iter    objective    inf_pr   inf_du lg(mu)  ||d||  lg(rg) alpha_du alpha_pr  ls
 150r 0.0000000e+00 1.06e+02 1.47e-02   0.5 3.70e-01    -  1.00e+00 1.00e+00h  1
 151r 0.0000000e+00 6.33e+01 1.50e-02   0.5 3.47e-01    -  1.00e+00 1.00e+00h  1
 152r 0.0000000e+00 6.34e+01 1.46e-02   0.5 5.09e-01    -  1.00e+00 1.00e+00h  1
 153r 0.0000000e+00 6.32e+01 1.36e-02   0.5 4.54e-01    -  1.00e+00 1.00e+00h  1
 154r 0.0000000e+00 3.10e+02 1.49e-02   0.5 1.09e+00    -  1.00e+00 1.00e+00h  1
 155r 0.0000000e+00 1.06e+02 1.42e-02   0.5 1.04e+00    -  1.00e+00 1.00e+00h  1
 156r 0.0000000e+00 2.33e+02 1.44e-02   0.5 1.11e+00    -  1.00e+00 1.00e+00h  1
 157r 0.0000000e+00 7.53e+01 1.36e-02   0.5 6.67e-01    -  1.00e+00 1.00e+00h  1
 158r 0.0000000e+00 6.27e+01 1.21e-02   0.5 5.07e-01    -  1.00e+00 1.00e+00h  1
 159r 0.0000000e+00 6.23e+01 1.15e-02   0.5 9.28e-01    -  1.00e+00 1.00e+00h  1
iter    objective    inf_pr   inf_du lg(mu)  ||d||  lg(rg) alpha_du alpha_pr  ls
 160r 0.0000000e+00 6.24e+01 1.05e-02   0.5 3.25e-01    -  1.00e+00 1.00e+00h  1
 161r 0.0000000e+00 6.21e+01 9.46e-03   0.5 6.01e-01    -  1.00e+00 1.00e+00h  1
 162r 0.0000000e+00 6.21e+01 9.53e-03   0.5 4.91e-01    -  1.00e+00 1.00e+00h  1
 163r 0.0000000e+00 2.82e+02 8.36e-03   0.5 1.07e+00    -  1.00e+00 1.00e+00h  1
 164r 0.0000000e+00 6.19e+01 6.13e-03   0.5 5.16e-01    -  1.00e+00 1.00e+00h  1
 165r 0.0000000e+00 6.17e+01 5.66e-03   0.5 5.46e-01    -  1.00e+00 1.00e+00h  1
 166r 0.0000000e+00 6.62e+01 6.53e-03   0.5 5.25e-01    -  1.00e+00 1.00e+00h  1
 167r 0.0000000e+00 6.16e+01 7.81e-03   0.5 7.33e-01    -  1.00e+00 1.00e+00h  1
 168r 0.0000000e+00 6.16e+01 5.03e-03   0.5 3.55e-01    -  1.00e+00 1.00e+00h  1
 169r 0.0000000e+00 6.15e+01 5.23e-03   0.5 3.02e-01    -  1.00e+00 1.00e+00h  1
iter    objective    inf_pr   inf_du lg(mu)  ||d||  lg(rg) alpha_du alpha_pr  ls
 170r 0.0000000e+00 1.29e+02 9.19e-03   0.5 9.18e-01    -  1.00e+00 1.00e+00h  1
 171r 0.0000000e+00 6.12e+01 7.63e-03   0.5 5.70e-01    -  1.00e+00 1.00e+00h  1
 172r 0.0000000e+00 6.13e+01 5.74e-03   0.5 2.76e-01    -  1.00e+00 1.00e+00h  1
 173r 0.0000000e+00 6.10e+01 8.58e-03   0.5 5.70e-01    -  1.00e+00 1.00e+00h  1
 174r 0.0000000e+00 6.11e+01 1.26e-02   0.5 9.44e-01    -  1.00e+00 1.00e+00h  1
 175r 0.0000000e+00 6.09e+01 7.05e-03   0.5 2.60e-01    -  1.00e+00 1.00e+00h  1
 176r 0.0000000e+00 6.09e+01 8.86e-03   0.5 3.36e-01    -  1.00e+00 1.00e+00h  1
 177r 0.0000000e+00 1.37e+02 1.73e-02   0.5 1.14e+00    -  1.00e+00 1.00e+00h  1
 178r 0.0000000e+00 8.95e+01 1.27e-02   0.5 5.21e-01    -  1.00e+00 1.00e+00h  1
 179r 0.0000000e+00 6.04e+01 1.22e-02   0.5 3.39e-01    -  1.00e+00 1.00e+00h  1
iter    objective    inf_pr   inf_du lg(mu)  ||d||  lg(rg) alpha_du alpha_pr  ls
 180r 0.0000000e+00 6.05e+01 1.51e-02   0.5 5.02e-01    -  1.00e+00 1.00e+00h  1
 181r 0.0000000e+00 8.80e+01 1.71e-02   0.5 5.80e-01    -  1.00e+00 1.00e+00h  1
 182r 0.0000000e+00 6.02e+01 1.37e-02   0.5 2.64e-01    -  1.00e+00 1.00e+00h  1
 183r 0.0000000e+00 6.01e+01 1.44e-02   0.5 2.52e-01    -  1.00e+00 1.00e+00h  1
 184r 0.0000000e+00 1.51e+02 1.83e-02   0.5 5.71e-01    -  1.00e+00 1.00e+00h  1
 185r 0.0000000e+00 5.99e+01 1.63e-02   0.5 4.06e-01    -  1.00e+00 1.00e+00h  1
 186r 0.0000000e+00 6.00e+01 1.45e-02   0.5 2.16e-01    -  1.00e+00 1.00e+00h  1
 187r 0.0000000e+00 5.98e+01 1.62e-02   0.5 2.83e-01    -  1.00e+00 1.00e+00h  1
 188r 0.0000000e+00 5.99e+01 1.61e-02   0.5 4.04e-01    -  1.00e+00 1.00e+00h  1
 189r 0.0000000e+00 5.98e+01 1.42e-02   0.5 2.15e-01    -  1.00e+00 1.00e+00h  1
iter    objective    inf_pr   inf_du lg(mu)  ||d||  lg(rg) alpha_du alpha_pr  ls
 190r 0.0000000e+00 5.98e+01 1.45e-02   0.5 1.91e-01    -  1.00e+00 1.00e+00h  1
 191r 0.0000000e+00 5.97e+01 1.54e-02   0.5 4.39e-01    -  1.00e+00 1.00e+00h  1
 192r 0.0000000e+00 5.98e+01 1.29e-02   0.5 2.96e-01    -  1.00e+00 1.00e+00h  1
 193r 0.0000000e+00 5.97e+01 1.16e-02   0.5 1.62e-01    -  1.00e+00 1.00e+00h  1
 194r 0.0000000e+00 5.98e+01 1.12e-02   0.5 2.67e-01    -  1.00e+00 1.00e+00h  1
 195r 0.0000000e+00 5.98e+01 9.52e-03   0.5 2.33e-01    -  1.00e+00 1.00e+00h  1
 196r 0.0000000e+00 5.98e+01 8.77e-03   0.5 1.40e-01    -  1.00e+00 1.00e+00h  1
 197r 0.0000000e+00 5.98e+01 8.35e-03   0.5 1.71e-01    -  1.00e+00 1.00e+00h  1
 198r 0.0000000e+00 8.08e+01 1.11e-02   0.5 2.65e-01    -  1.00e+00 1.00e+00h  1
 199r 0.0000000e+00 5.98e+01 7.49e-03   0.5 1.69e-01    -  1.00e+00 1.00e+00h  1
iter    objective    inf_pr   inf_du lg(mu)  ||d||  lg(rg) alpha_du alpha_pr  ls
 200r 0.0000000e+00 5.99e+01 6.80e-03   0.5 1.14e-01    -  1.00e+00 1.00e+00h  1
 201r 0.0000000e+00 5.98e+01 6.89e-03   0.5 1.50e-01    -  1.00e+00 1.00e+00h  1
 202r 0.0000000e+00 5.99e+01 6.35e-03   0.5 1.76e-01    -  1.00e+00 1.00e+00h  1
 203r 0.0000000e+00 5.99e+01 6.62e-03   0.5 8.55e-02    -  1.00e+00 1.00e+00h  1
 204r 0.0000000e+00 5.99e+01 6.47e-03   0.5 1.08e-01    -  1.00e+00 1.00e+00h  1
 205r 0.0000000e+00 5.99e+01 9.81e-03   0.5 2.15e-01    -  1.00e+00 1.00e+00h  1
 206r 0.0000000e+00 6.00e+01 6.83e-03   0.5 1.43e-01    -  1.00e+00 1.00e+00h  1
 207r 0.0000000e+00 5.99e+01 5.94e-03   0.5 1.07e-01    -  1.00e+00 1.00e+00h  1
 208r 0.0000000e+00 6.00e+01 5.75e-03   0.5 1.55e-01    -  1.00e+00 1.00e+00h  1
 209r 0.0000000e+00 6.00e+01 6.25e-03   0.5 1.43e-01    -  1.00e+00 1.00e+00h  1
iter    objective    inf_pr   inf_du lg(mu)  ||d||  lg(rg) alpha_du alpha_pr  ls
 210r 0.0000000e+00 6.00e+01 5.33e-03   0.5 9.27e-02    -  1.00e+00 1.00e+00h  1
 211r 0.0000000e+00 6.00e+01 5.24e-03   0.5 1.15e-01    -  1.00e+00 1.00e+00h  1
 212r 0.0000000e+00 7.46e+01 1.10e-02   0.5 2.20e-01    -  1.00e+00 1.00e+00h  1
 213r 0.0000000e+00 6.01e+01 4.38e-03   0.5 1.24e-01    -  1.00e+00 1.00e+00h  1
 214r 0.0000000e+00 6.01e+01 4.31e-03   0.5 1.01e-01    -  1.00e+00 1.00e+00h  1
 215r 0.0000000e+00 6.01e+01 6.70e-03   0.5 1.65e-01    -  1.00e+00 1.00e+00h  1
 216r 0.0000000e+00 6.02e+01 4.16e-03   0.5 1.20e-01    -  1.00e+00 1.00e+00h  1
 217r 0.0000000e+00 6.02e+01 3.91e-03   0.5 8.20e-02    -  1.00e+00 1.00e+00h  1
 218r 0.0000000e+00 6.02e+01 6.24e-03   0.5 1.24e-01    -  1.00e+00 1.00e+00h  1
 219r 0.0000000e+00 6.02e+01 6.49e-03   0.5 1.88e-01    -  1.00e+00 1.00e+00h  1
iter    objective    inf_pr   inf_du lg(mu)  ||d||  lg(rg) alpha_du alpha_pr  ls
 220r 0.0000000e+00 6.02e+01 3.51e-03   0.5 8.94e-02    -  1.00e+00 1.00e+00h  1
 221r 0.0000000e+00 6.02e+01 3.53e-03   0.5 9.95e-02    -  1.00e+00 1.00e+00h  1
 222r 0.0000000e+00 6.03e+01 5.08e-03   0.5 1.71e-01    -  1.00e+00 1.00e+00h  1
 223r 0.0000000e+00 6.03e+01 3.08e-03   0.5 8.80e-02    -  1.00e+00 1.00e+00h  1
 224r 0.0000000e+00 6.03e+01 3.09e-03   0.5 6.67e-02    -  1.00e+00 1.00e+00h  1
 225r 0.0000000e+00 6.03e+01 6.29e-03   0.5 1.61e-01    -  1.00e+00 1.00e+00h  1
 226r 0.0000000e+00 6.03e+01 5.76e-03   0.5 1.50e-01    -  1.00e+00 1.00e+00h  1
 227r 0.0000000e+00 6.03e+01 2.70e-03   0.5 8.26e-02    -  1.00e+00 1.00e+00h  1
 228r 0.0000000e+00 6.03e+01 3.26e-03   0.5 1.24e-01    -  1.00e+00 1.00e+00h  1
 229r 0.0000000e+00 6.03e+01 5.54e-03   0.5 1.67e-01    -  1.00e+00 1.00e+00h  1
iter    objective    inf_pr   inf_du lg(mu)  ||d||  lg(rg) alpha_du alpha_pr  ls
 230r 0.0000000e+00 6.03e+01 2.43e-03   0.5 8.08e-02    -  1.00e+00 1.00e+00h  1
 231r 0.0000000e+00 6.03e+01 2.31e-03   0.5 8.36e-02    -  1.00e+00 1.00e+00h  1
 232r 0.0000000e+00 6.04e+01 8.65e-03   0.5 1.98e-01    -  1.00e+00 1.00e+00h  1
 233r 0.0000000e+00 6.04e+01 3.20e-03   0.5 1.35e-01    -  1.00e+00 1.00e+00h  1
 234r 0.0000000e+00 6.04e+01 2.19e-03   0.5 8.22e-02    -  1.00e+00 1.00e+00h  1
 235r 0.0000000e+00 6.03e+01 5.38e-03   0.5 1.62e-01    -  1.00e+00 1.00e+00h  1
 236r 0.0000000e+00 6.04e+01 3.32e-03   0.5 1.51e-01    -  1.00e+00 1.00e+00h  1
 237r 0.0000000e+00 6.04e+01 1.93e-03   0.5 7.17e-02    -  1.00e+00 1.00e+00h  1
 238r 0.0000000e+00 6.04e+01 2.85e-03   0.5 8.99e-02    -  1.00e+00 1.00e+00h  1
 239r 0.0000000e+00 6.04e+01 6.93e-03   0.5 2.50e-01    -  1.00e+00 1.00e+00h  1
iter    objective    inf_pr   inf_du lg(mu)  ||d||  lg(rg) alpha_du alpha_pr  ls
 240r 0.0000000e+00 6.04e+01 2.03e-03   0.5 8.98e-02    -  1.00e+00 1.00e+00h  1
 241r 0.0000000e+00 6.04e+01 1.40e-03   0.5 7.50e-02    -  1.00e+00 1.00e+00h  1
 242r 0.0000000e+00 6.04e+01 5.57e-03   0.5 2.12e-01    -  1.00e+00 1.00e+00h  1
 243r 0.0000000e+00 6.04e+01 2.97e-03   0.5 1.20e-01    -  1.00e+00 1.00e+00h  1
 244r 0.0000000e+00 6.04e+01 1.44e-03   0.5 6.60e-02    -  1.00e+00 1.00e+00h  1
 245r 0.0000000e+00 6.04e+01 4.51e-03   0.5 1.53e-01    -  1.00e+00 1.00e+00h  1
 246r 0.0000000e+00 6.04e+01 6.80e-03   0.5 2.20e-01    -  1.00e+00 1.00e+00h  1
 247r 0.0000000e+00 6.04e+01 1.04e-03   0.5 8.06e-02    -  1.00e+00 1.00e+00h  1
 248r 0.0000000e+00 6.04e+01 1.98e-03   0.5 9.71e-02    -  1.00e+00 1.00e+00h  1
 249r 0.0000000e+00 6.04e+01 7.49e-03   0.5 2.55e-01    -  1.00e+00 1.00e+00h  1
iter    objective    inf_pr   inf_du lg(mu)  ||d||  lg(rg) alpha_du alpha_pr  ls
 250r 0.0000000e+00 6.04e+01 9.15e-04   0.5 8.41e-02    -  1.00e+00 1.00e+00h  1
 251r 0.0000000e+00 6.04e+01 8.81e-04   0.5 6.14e-02    -  1.00e+00 1.00e+00h  1
 252r 0.0000000e+00 6.05e+01 8.27e-03   0.5 2.57e-01    -  1.00e+00 1.00e+00h  1
 253r 0.0000000e+00 6.05e+01 2.19e-03   0.5 1.44e-01    -  1.00e+00 1.00e+00h  1
 254r 0.0000000e+00 6.05e+01 8.54e-04   0.5 5.99e-02    -  1.00e+00 1.00e+00h  1
 255r 0.0000000e+00 6.05e+01 4.65e-03   0.5 1.74e-01    -  1.00e+00 1.00e+00h  1
 256r 0.0000000e+00 6.05e+01 3.37e-03   0.5 2.02e-01    -  1.00e+00 1.00e+00h  1
 257r 0.0000000e+00 6.05e+01 6.18e-04   0.5 5.88e-02    -  1.00e+00 1.00e+00h  1
 258r 0.0000000e+00 6.05e+01 1.85e-03   0.5 8.41e-02    -  1.00e+00 1.00e+00h  1
 259r 0.0000000e+00 6.05e+01 6.72e-03   0.5 3.09e-01    -  1.00e+00 1.00e+00h  1
iter    objective    inf_pr   inf_du lg(mu)  ||d||  lg(rg) alpha_du alpha_pr  ls
 260r 0.0000000e+00 6.06e+01 1.39e-03   0.5 7.98e-02    -  1.00e+00 1.00e+00h  1
 261r 0.0000000e+00 6.06e+01 5.96e-04   0.5 5.86e-02    -  1.00e+00 1.00e+00h  1
 262r 0.0000000e+00 6.07e+01 7.38e-03   0.5 4.04e-01    -  1.00e+00 1.00e+00h  1
 263r 0.0000000e+00 6.07e+01 2.50e-03   0.5 1.18e-01    -  1.00e+00 1.00e+00h  1
 264r 0.0000000e+00 6.07e+01 9.05e-04   0.5 6.51e-02    -  1.00e+00 1.00e+00h  1
 265r 0.0000000e+00 6.07e+01 1.19e-03   0.5 8.69e-02    -  1.00e+00 1.00e+00h  1
 266r 0.0000000e+00 6.08e+01 3.41e-03   0.5 1.02e-01    -  1.00e+00 1.00e+00h  1
 267r 0.0000000e+00 6.08e+01 3.98e-04   0.5 8.09e-02    -  1.00e+00 1.00e+00h  1
 268r 0.0000000e+00 6.08e+01 5.69e-04   0.5 5.92e-02    -  1.00e+00 1.00e+00h  1
 269r 0.0000000e+00 6.08e+01 4.50e-03   0.5 1.41e-01    -  1.00e+00 1.00e+00h  1
iter    objective    inf_pr   inf_du lg(mu)  ||d||  lg(rg) alpha_du alpha_pr  ls
 270r 0.0000000e+00 6.08e+01 1.32e-04   0.5 5.74e-02    -  1.00e+00 1.00e+00h  1
 271r 0.0000000e+00 6.08e+01 8.81e-04   0.5 9.47e-02    -  1.00e+00 1.00e+00h  1
 272r 0.0000000e+00 6.09e+01 9.30e-03   0.5 2.90e-01    -  1.00e+00 1.00e+00H  1
 273r 0.0000000e+00 6.09e+01 1.03e-03   0.5 1.17e-01    -  1.00e+00 1.00e+00h  1
 274r 0.0000000e+00 6.09e+01 1.23e-03   0.5 2.77e-02    -  1.00e+00 1.00e+00h  1
 275r 0.0000000e+00 6.09e+01 6.31e-04   0.5 6.45e-03    -  1.00e+00 1.00e+00h  1
 276r 0.0000000e+00 6.10e+01 6.13e-04   0.5 2.44e-01    -  1.00e+00 1.00e+00h  1
 277r 0.0000000e+00 6.10e+01 2.82e-04   0.5 7.01e-02    -  1.00e+00 1.00e+00h  1
 278r 0.0000000e+00 6.10e+01 2.64e-04   0.5 9.40e-02    -  1.00e+00 1.00e+00h  1
 279r 0.0000000e+00 6.10e+01 3.34e-04   0.5 3.01e-02    -  1.00e+00 1.00e+00h  1
iter    objective    inf_pr   inf_du lg(mu)  ||d||  lg(rg) alpha_du alpha_pr  ls
 280r 0.0000000e+00 6.10e+01 9.03e-03   0.5 3.45e-01    -  1.00e+00 1.00e+00H  1
 281r 0.0000000e+00 6.10e+01 9.33e-04   0.5 2.55e-02    -  1.00e+00 1.00e+00H  1
 282r 0.0000000e+00 6.10e+01 8.14e-04   0.5 1.21e-02    -  1.00e+00 1.00e+00H  1
 283r 0.0000000e+00 6.10e+01 1.31e-03   0.5 2.02e-01    -  1.00e+00 1.00e+00H  1
 284r 0.0000000e+00 6.10e+01 6.70e-04   0.5 2.18e-01    -  1.00e+00 1.00e+00H  1
 285r 0.0000000e+00 6.10e+01 7.93e-04   0.5 1.20e-01    -  1.00e+00 1.00e+00H  1
 286r 0.0000000e+00 6.10e+01 2.62e-03   0.5 3.42e-01    -  1.00e+00 1.00e+00h  1
 287r 0.0000000e+00 6.10e+01 6.40e-04   0.5 3.76e-02    -  1.00e+00 1.00e+00h  1
 288r 0.0000000e+00 6.10e+01 3.39e-03   0.5 3.51e-02    -  1.00e+00 1.00e+00H  1
 289r 0.0000000e+00 6.10e+01 5.64e-04   0.5 8.66e-02    -  1.00e+00 1.00e+00H  1
iter    objective    inf_pr   inf_du lg(mu)  ||d||  lg(rg) alpha_du alpha_pr  ls
 290r 0.0000000e+00 6.10e+01 6.77e-04   0.5 3.26e-02    -  1.00e+00 1.00e+00H  1
 291r 0.0000000e+00 4.89e+01 7.19e-02   0.5 4.69e+01    -  1.00e+00 1.00e+00H  1
 292r 0.0000000e+00 4.90e+01 2.17e+01   0.5 1.71e+02    -  1.00e+00 3.91e-03h  9
 293r 0.0000000e+00 4.90e+01 1.09e+01   0.5 5.66e+01    -  1.00e+00 2.44e-04h 13
 294r 0.0000000e+00 5.17e+01 2.39e-01   0.5 7.33e+00    -  1.00e+00 1.00e+00H  1
 295r 0.0000000e+00 5.18e+01 4.26e+00   0.5 3.68e+01    -  1.00e+00 1.56e-02h  7
 296r 0.0000000e+00 4.62e+01 4.02e-01   0.5 2.66e+01    -  1.00e+00 1.00e+00H  1
 297r 0.0000000e+00 4.68e+01 3.52e+01   0.5 2.25e+02    -  1.00e+00 1.56e-02h  7
 298r 0.0000000e+00 4.68e+01 7.14e+01   0.5 5.38e+02    -  1.00e+00 9.77e-04h 11
 299r 0.0000000e+00 4.68e+01 3.09e+01   0.5 1.62e+02    -  1.00e+00 1.22e-04h 14
iter    objective    inf_pr   inf_du lg(mu)  ||d||  lg(rg) alpha_du alpha_pr  ls
 300r 0.0000000e+00 4.85e+01 3.66e-02   0.5 1.21e+00    -  1.00e+00 1.00e+00H  1
 301r 0.0000000e+00 4.89e+01 3.34e-02   0.5 8.72e-01    -  1.00e+00 1.00e+00H  1
 302r 0.0000000e+00 1.22e+02 3.20e-02   0.5 3.32e-01    -  1.00e+00 1.00e+00h  1
 303r 0.0000000e+00 1.41e+02 3.03e-02   0.5 8.66e-01    -  1.00e+00 1.00e+00h  1
 304r 0.0000000e+00 3.64e+02 3.29e-02   0.5 4.78e+00    -  1.00e+00 1.00e+00h  1
 305r 0.0000000e+00 3.56e+03 2.19e-01   0.5 5.67e+00    -  1.00e+00 1.00e+00h  1
 306r 0.0000000e+00 3.28e+03 1.06e+02   0.5 7.90e+02    -  1.00e+00 3.12e-02h  6
 307r 0.0000000e+00 7.64e+03 7.58e-02   0.5 7.35e+00    -  1.00e+00 1.00e+00h  1
 308r 0.0000000e+00 1.20e+02 1.93e-02   0.5 4.84e-01    -  1.00e+00 1.00e+00h  1
 309r 0.0000000e+00 5.94e+01 1.35e-02   0.5 2.20e-01    -  1.00e+00 1.00e+00h  1
iter    objective    inf_pr   inf_du lg(mu)  ||d||  lg(rg) alpha_du alpha_pr  ls
 310r 0.0000000e+00 5.94e+01 1.06e-02   0.5 3.37e-01    -  1.00e+00 1.00e+00h  1
 311r 0.0000000e+00 5.94e+01 1.44e-02   0.5 6.31e-01    -  1.00e+00 1.00e+00h  1
 312r 0.0000000e+00 8.94e+01 9.23e-03   0.5 7.26e-01    -  1.00e+00 1.00e+00h  1
 313r 0.0000000e+00 7.07e+01 9.51e-03   0.5 4.82e-01    -  1.00e+00 1.00e+00h  1
 314r 0.0000000e+00 5.94e+01 1.06e-02   0.5 9.26e-01    -  1.00e+00 1.00e+00h  1
 315r 0.0000000e+00 3.70e+02 1.52e-02   0.5 3.26e+00    -  1.00e+00 1.00e+00h  1
 316r 0.0000000e+00 1.32e+02 1.04e-02   0.5 1.00e+00    -  1.00e+00 1.00e+00h  1
 317r 0.0000000e+00 6.79e+01 7.32e-03   0.5 1.64e-01    -  1.00e+00 1.00e+00h  1
 318r 0.0000000e+00 6.07e+01 8.54e-03   0.5 2.57e-01    -  1.00e+00 1.00e+00h  1
 319r 0.0000000e+00 7.25e+01 6.99e-03   0.5 2.39e-01    -  1.00e+00 1.00e+00h  1
iter    objective    inf_pr   inf_du lg(mu)  ||d||  lg(rg) alpha_du alpha_pr  ls
 320r 0.0000000e+00 6.08e+01 7.49e-03   0.5 1.78e-01    -  1.00e+00 1.00e+00h  1
 321r 0.0000000e+00 6.07e+01 6.31e-03   0.5 8.03e-02    -  1.00e+00 1.00e+00h  1
 322r 0.0000000e+00 6.81e+01 7.43e-03   0.5 3.76e-01    -  1.00e+00 1.00e+00h  1
 323r 0.0000000e+00 2.87e+02 1.31e-02   0.5 5.51e-01    -  1.00e+00 1.00e+00h  1
 324r 0.0000000e+00 6.57e+01 7.82e-03   0.5 5.35e-01    -  1.00e+00 1.00e+00h  1
 325r 0.0000000e+00 6.03e+01 5.83e-03   0.5 1.54e-01    -  1.00e+00 1.00e+00h  1
 326r 0.0000000e+00 6.00e+01 6.15e-03   0.5 1.37e-01    -  1.00e+00 1.00e+00h  1
 327r 0.0000000e+00 5.99e+01 4.33e-03   0.5 1.05e-01    -  1.00e+00 1.00e+00h  1
 328r 0.0000000e+00 5.97e+01 4.32e-03   0.5 5.58e-02    -  1.00e+00 1.00e+00h  1
 329r 0.0000000e+00 5.95e+01 6.14e-03   0.5 1.46e-01    -  1.00e+00 1.00e+00h  1
iter    objective    inf_pr   inf_du lg(mu)  ||d||  lg(rg) alpha_du alpha_pr  ls
 330r 0.0000000e+00 8.43e+01 4.35e-03   0.5 2.70e-01    -  1.00e+00 1.00e+00h  1
 331r 0.0000000e+00 9.50e+01 9.34e-03   0.5 7.22e-01    -  1.00e+00 1.00e+00h  1
 332r 0.0000000e+00 5.80e+01 2.61e-03   0.5 1.57e-01    -  1.00e+00 1.00e+00h  1
 333r 0.0000000e+00 5.79e+01 3.81e-03   0.5 1.08e-01    -  1.00e+00 1.00e+00h  1
 334r 0.0000000e+00 5.77e+01 2.65e-03   0.5 7.48e-02    -  1.00e+00 1.00e+00h  1
 335r 0.0000000e+00 5.76e+01 2.46e-03   0.5 1.25e-01    -  1.00e+00 1.00e+00h  1
 336r 0.0000000e+00 5.75e+01 2.20e-03   0.5 1.72e-01    -  1.00e+00 1.00e+00h  1
 337r 0.0000000e+00 6.73e+01 4.63e-03   0.5 2.97e-01    -  1.00e+00 1.00e+00h  1
 338r 0.0000000e+00 1.10e+02 5.37e-03   0.5 2.94e-01    -  1.00e+00 1.00e+00h  1
 339r 0.0000000e+00 5.65e+01 2.77e-03   0.5 1.07e-01    -  1.00e+00 1.00e+00h  1
iter    objective    inf_pr   inf_du lg(mu)  ||d||  lg(rg) alpha_du alpha_pr  ls
 340r 0.0000000e+00 5.64e+01 1.49e-03   0.5 5.14e-02    -  1.00e+00 1.00e+00h  1
 341r 0.0000000e+00 5.64e+01 1.38e-03   0.5 1.12e-01    -  1.00e+00 1.00e+00h  1
 342r 0.0000000e+00 5.63e+01 2.20e-03   0.5 2.29e-01    -  1.00e+00 1.00e+00h  1
 343r 0.0000000e+00 5.60e+01 1.69e-03   0.5 1.55e-01    -  1.00e+00 1.00e+00h  1
 344r 0.0000000e+00 5.51e+01 1.17e-02   0.5 6.88e-01    -  1.00e+00 1.00e+00H  1
 345r 0.0000000e+00 8.45e+01 5.36e-03   0.5 1.83e-01    -  1.00e+00 1.00e+00h  1
 346r 0.0000000e+00 5.50e+01 3.44e-03   0.5 2.12e-02    -  1.00e+00 1.00e+00h  1
 347r 0.0000000e+00 5.50e+01 5.80e-03   0.5 2.11e-01    -  1.00e+00 1.00e+00h  1
 348r 0.0000000e+00 5.49e+01 2.34e-03   0.5 1.79e-01    -  1.00e+00 1.00e+00h  1
 349r 0.0000000e+00 5.48e+01 1.87e-03   0.5 1.39e-01    -  1.00e+00 1.00e+00h  1
iter    objective    inf_pr   inf_du lg(mu)  ||d||  lg(rg) alpha_du alpha_pr  ls
 350r 0.0000000e+00 5.48e+01 1.43e-03   0.5 3.37e-02    -  1.00e+00 1.00e+00h  1
 351r 0.0000000e+00 5.48e+01 8.00e-04   0.5 4.10e-02    -  1.00e+00 1.00e+00h  1
 352r 0.0000000e+00 5.49e+01 9.91e-04   0.5 3.08e-02    -  1.00e+00 1.00e+00h  1
 353r 0.0000000e+00 5.49e+01 1.46e-03   0.5 1.91e-01    -  1.00e+00 1.00e+00h  1
 354r 0.0000000e+00 5.49e+01 7.16e-04   0.5 1.92e-01    -  1.00e+00 1.00e+00h  1
 355r 0.0000000e+00 5.49e+01 6.95e-04   0.5 8.61e-02    -  1.00e+00 1.00e+00h  1
 356r 0.0000000e+00 5.49e+01 7.82e-04   0.5 1.10e-01    -  1.00e+00 1.00e+00h  1
 357r 0.0000000e+00 5.52e+01 7.03e-03   0.5 2.62e-01    -  1.00e+00 1.00e+00H  1
 358r 0.0000000e+00 5.53e+01 2.99e-03   0.5 9.54e-02    -  1.00e+00 1.00e+00h  1
 359r 0.0000000e+00 5.53e+01 2.52e-03   0.5 4.97e-02    -  1.00e+00 1.00e+00h  1
iter    objective    inf_pr   inf_du lg(mu)  ||d||  lg(rg) alpha_du alpha_pr  ls
 360r 0.0000000e+00 5.54e+01 2.43e-03   0.5 5.13e-02    -  1.00e+00 1.00e+00h  1
 361r 0.0000000e+00 5.54e+01 2.89e-03   0.5 3.63e-01    -  1.00e+00 1.00e+00h  1
 362r 0.0000000e+00 5.55e+01 2.88e-03   0.5 2.29e-01    -  1.00e+00 1.00e+00h  1
 363r 0.0000000e+00 5.55e+01 2.27e-03   0.5 1.95e-02    -  1.00e+00 1.00e+00h  1
 364r 0.0000000e+00 5.56e+01 1.67e-03   0.5 8.25e-02    -  1.00e+00 1.00e+00h  1
 365r 0.0000000e+00 6.74e+01 2.45e-03   0.5 2.83e-01    -  1.00e+00 1.00e+00h  1
 366r 0.0000000e+00 5.58e+01 9.15e-04   0.5 2.55e-01    -  1.00e+00 1.00e+00h  1
 367r 0.0000000e+00 5.58e+01 5.23e-04   0.5 6.89e-02    -  1.00e+00 1.00e+00h  1
 368r 0.0000000e+00 5.59e+01 4.77e-04   0.5 1.87e-01    -  1.00e+00 1.00e+00h  1
 369r 0.0000000e+00 5.60e+01 4.77e-04   0.5 2.43e-02    -  1.00e+00 1.00e+00H  1
iter    objective    inf_pr   inf_du lg(mu)  ||d||  lg(rg) alpha_du alpha_pr  ls
 370r 0.0000000e+00 5.61e+01 8.69e-04   0.5 1.03e-01    -  1.00e+00 1.00e+00h  1
 371r 0.0000000e+00 5.60e+01 3.85e-03   0.5 3.17e-01    -  1.00e+00 1.00e+00H  1
 372r 0.0000000e+00 5.61e+01 1.77e-03   0.5 2.88e-01    -  1.00e+00 1.00e+00h  1
 373r 0.0000000e+00 5.60e+01 9.19e-04   0.5 1.51e-01    -  1.00e+00 1.00e+00h  1
 374r 0.0000000e+00 5.60e+01 3.93e-04   0.5 3.36e-02    -  1.00e+00 1.00e+00h  1
 375r 0.0000000e+00 5.61e+01 4.71e-04   0.5 6.25e-02    -  1.00e+00 1.00e+00h  1
 376r 0.0000000e+00 5.61e+01 3.78e-04   0.5 2.46e-02    -  1.00e+00 1.00e+00h  1
 377r 0.0000000e+00 5.61e+01 4.63e-04   0.5 3.18e-02    -  1.00e+00 1.00e+00H  1
 378r 0.0000000e+00 5.61e+01 1.41e-02   0.5 2.79e-01    -  1.00e+00 5.00e-01h  2
 379r 0.0000000e+00 5.63e+01 2.16e-03   0.5 2.73e-01    -  1.00e+00 1.00e+00H  1
iter    objective    inf_pr   inf_du lg(mu)  ||d||  lg(rg) alpha_du alpha_pr  ls
 380r 0.0000000e+00 5.65e+01 1.19e-03   0.5 2.61e-01    -  1.00e+00 1.00e+00h  1
 381r 0.0000000e+00 5.64e+01 6.26e-04   0.5 3.47e-02    -  1.00e+00 1.00e+00h  1
 382r 0.0000000e+00 5.63e+01 7.40e-04   0.5 6.48e-02    -  1.00e+00 1.00e+00h  1
 383r 0.0000000e+00 5.63e+01 6.57e-04   0.5 7.29e-02    -  1.00e+00 1.00e+00h  1
 384r 0.0000000e+00 6.60e+01 3.50e-03   0.5 2.64e-01    -  1.00e+00 1.00e+00h  1
 385r 0.0000000e+00 5.61e+01 1.16e-03   0.5 8.35e-02    -  1.00e+00 1.00e+00h  1
 386r 0.0000000e+00 5.63e+01 1.79e-03   0.5 1.30e-01    -  1.00e+00 1.00e+00h  1
 387r 0.0000000e+00 9.19e+01 3.90e-03   0.5 2.86e-01    -  1.00e+00 1.00e+00h  1
 388r 0.0000000e+00 5.65e+01 1.36e-03   0.5 4.04e-02    -  1.00e+00 1.00e+00h  1
 389r 0.0000000e+00 5.62e+01 8.20e-04   0.5 2.62e-01    -  1.00e+00 1.00e+00h  1
iter    objective    inf_pr   inf_du lg(mu)  ||d||  lg(rg) alpha_du alpha_pr  ls
 390r 0.0000000e+00 5.63e+01 5.33e-04   0.5 3.24e-02    -  1.00e+00 1.00e+00h  1
 391r 0.0000000e+00 5.69e+01 3.19e-03   0.5 5.20e-01    -  1.00e+00 1.00e+00h  1
 392r 0.0000000e+00 5.89e+01 3.22e-03   0.5 1.25e+00    -  1.00e+00 1.00e+00h  1
 393r 0.0000000e+00 5.64e+01 8.04e-04   0.5 5.54e-02    -  1.00e+00 1.00e+00h  1
 394r 0.0000000e+00 5.65e+01 7.97e-04   0.5 5.58e-02    -  1.00e+00 1.00e+00h  1
 395r 0.0000000e+00 5.64e+01 6.17e-04   0.5 3.79e-02    -  1.00e+00 1.00e+00h  1
 396r 0.0000000e+00 5.65e+01 6.43e-04   0.5 6.70e-02    -  1.00e+00 1.00e+00h  1
 397r 0.0000000e+00 6.53e+01 3.12e-03   0.5 5.52e-01    -  1.00e+00 1.00e+00h  1
 398r 0.0000000e+00 5.68e+01 4.77e-03   0.5 9.26e-01    -  1.00e+00 1.00e+00H  1
 399r 0.0000000e+00 5.68e+01 1.80e-02   0.5 2.11e-01    -  1.00e+00 7.81e-03h  8
iter    objective    inf_pr   inf_du lg(mu)  ||d||  lg(rg) alpha_du alpha_pr  ls
 400r 0.0000000e+00 5.68e+01 9.12e-02   0.5 6.42e-02    -  0.00e+00 4.77e-07R 22
 401r 0.0000000e+00 9.01e-01 6.82e+05   0.5 5.68e+01    -  1.00e+00 9.90e-01f  1
 402  0.0000000e+00 1.39e+00 2.11e+07   0.0 2.79e+03    -  1.00e+00 6.10e-05h 15
 403  0.0000000e+00 1.39e+00 2.10e+07   0.0 4.78e+03    -  1.00e+00 4.88e-04h 12
 404  0.0000000e+00 3.15e+03 7.88e+06  -0.7 5.56e+03    -  1.00e+00 1.00e+00h  1
 405  0.0000000e+00 1.05e+03 2.90e+06  -0.7 1.43e+03    -  1.00e+00 1.00e+00H  1
 406  0.0000000e+00 3.95e+01 8.49e+05  -0.7 6.06e+02    -  1.00e+00 1.00e+00H  1
 407  0.0000000e+00 1.34e+01 1.98e+05  -0.7 6.96e+01    -  1.00e+00 1.00e+00H  1
 408  0.0000000e+00 2.91e+00 6.72e+03  -0.7 3.71e+01    -  1.00e+00 1.00e+00h  1
 409  0.0000000e+00 9.41e-01 2.45e+01  -0.7 8.86e+00    -  1.00e+00 1.00e+00h  1
iter    objective    inf_pr   inf_du lg(mu)  ||d||  lg(rg) alpha_du alpha_pr  ls
 410  0.0000000e+00 1.17e-03 1.04e+01  -1.4 9.38e-01    -  1.00e+00 1.00e+00h  1
 411  0.0000000e+00 1.17e-03 1.04e+01  -3.3 2.71e-01    -  1.00e+00 6.10e-05h 15
 412  0.0000000e+00 1.17e-03 1.04e+01  -5.4 2.31e-01    -  1.00e+00 6.10e-05h 15
 413  0.0000000e+00 1.17e-03 1.04e+01  -7.5 2.31e-01    -  1.00e+00 6.10e-05h 15
 414  0.0000000e+00 1.17e-03 1.04e+01  -9.5 2.32e-01    -  1.00e+00 6.10e-05h 15
 415  0.0000000e+00 1.17e-03 1.04e+01 -11.0 2.33e-01    -  1.00e+00 6.10e-05h 15
 416  0.0000000e+00 1.17e-03 1.04e+01 -11.0 2.32e-01    -  1.00e+00 6.10e-05h 15
 417  0.0000000e+00 1.17e-03 1.04e+01 -11.0 2.33e-01    -  1.00e+00 6.10e-05h 15
 418  0.0000000e+00 1.17e-03 1.04e+01 -11.0 2.31e-01    -  1.00e+00 6.10e-05h 15
 419  0.0000000e+00 1.17e-03 1.04e+01 -11.0 2.33e-01    -  1.00e+00 6.10e-05h 15
iter    objective    inf_pr   inf_du lg(mu)  ||d||  lg(rg) alpha_du alpha_pr  ls
 420  0.0000000e+00 1.17e-03 1.04e+01 -11.0 2.32e-01    -  1.00e+00 6.10e-05h 15
 421  0.0000000e+00 1.17e-03 1.04e+01 -11.0 2.33e-01    -  1.00e+00 6.10e-05h 15
 422  0.0000000e+00 1.17e-03 1.04e+01 -11.0 2.32e-01    -  1.00e+00 6.10e-05h 15
 423  0.0000000e+00 1.17e-03 1.04e+01 -11.0 2.33e-01    -  1.00e+00 6.10e-05h 15
 424  0.0000000e+00 1.17e-03 1.04e+01 -11.0 2.32e-01    -  1.00e+00 6.10e-05h 15
 425  0.0000000e+00 2.97e-04 1.03e-01 -11.0 2.33e-01    -  1.00e+00 1.00e+00w  1
 426  0.0000000e+00 2.11e-08 3.84e-03 -11.0 4.09e-03    -  1.00e+00 1.00e+00w  1

Number of Iterations....: 426

                                   (scaled)                 (unscaled)
Objective...............:   0.0000000000000000e+00    0.0000000000000000e+00
Dual infeasibility......:   3.8416846665693350e-03    3.8416846665693350e-03
Constraint violation....:   2.1090789259470798e-08    2.1090789259470798e-08
Variable bound violation:   0.0000000000000000e+00    0.0000000000000000e+00
Complementarity.........:   9.9999999999999994e-12    9.9999999999999994e-12
Overall NLP error.......:   2.1090789259470798e-08    3.8416846665693350e-03


Number of objective function evaluations             = 1137
Number of objective gradient evaluations             = 61
Number of equality constraint evaluations            = 1235
Number of inequality constraint evaluations          = 1235
Number of equality constraint Jacobian evaluations   = 440
Number of inequality constraint Jacobian evaluations = 440
Number of Lagrangian Hessian evaluations             = 0
Total seconds in IPOPT                               = 0.167

EXIT: Optimal Solution Found.
